31-Jan-2018 15:05:02.965 信息 [main] org.apache.catalina.startup.VersionLoggerListener.log Server version:        Apache Tomcat/9.0.0.M17
31-Jan-2018 15:05:02.969 信息 [main] org.apache.catalina.startup.VersionLoggerListener.log Server built:          Jan 10 2017 20:59:20 UTC
31-Jan-2018 15:05:02.969 信息 [main] org.apache.catalina.startup.VersionLoggerListener.log Server number:         9.0.0.0
31-Jan-2018 15:05:02.969 信息 [main] org.apache.catalina.startup.VersionLoggerListener.log OS Name:               Mac OS X
31-Jan-2018 15:05:02.969 信息 [main] org.apache.catalina.startup.VersionLoggerListener.log OS Version:            10.13.2
31-Jan-2018 15:05:02.969 信息 [main] org.apache.catalina.startup.VersionLoggerListener.log Architecture:          x86_64
31-Jan-2018 15:05:02.969 信息 [main] org.apache.catalina.startup.VersionLoggerListener.log Java Home:             /Library/Java/JavaVirtualMachines/jdk1.8.0_131.jdk/Contents/Home/jre
31-Jan-2018 15:05:02.970 信息 [main] org.apache.catalina.startup.VersionLoggerListener.log JVM Version:           1.8.0_131-b11
31-Jan-2018 15:05:02.970 信息 [main] org.apache.catalina.startup.VersionLoggerListener.log JVM Vendor:            Oracle Corporation
31-Jan-2018 15:05:02.970 信息 [main] org.apache.catalina.startup.VersionLoggerListener.log CATALINA_BASE:         /Users/kohgylw/program/kiftd
31-Jan-2018 15:05:02.970 信息 [main] org.apache.catalina.startup.VersionLoggerListener.log CATALINA_HOME:         /Users/kohgylw/program/kiftd
31-Jan-2018 15:05:02.971 信息 [main] org.apache.catalina.startup.VersionLoggerListener.log Command line argument: -Djava.util.logging.config.file=/Users/kohgylw/program/kiftd/conf/logging.properties
31-Jan-2018 15:05:02.971 信息 [main] org.apache.catalina.startup.VersionLoggerListener.log Command line argument: -Djava.util.logging.manager=org.apache.juli.ClassLoaderLogManager
31-Jan-2018 15:05:02.971 信息 [main] org.apache.catalina.startup.VersionLoggerListener.log Command line argument: -Xms1g
31-Jan-2018 15:05:02.971 信息 [main] org.apache.catalina.startup.VersionLoggerListener.log Command line argument: -Xmx1g
31-Jan-2018 15:05:02.971 信息 [main] org.apache.catalina.startup.VersionLoggerListener.log Command line argument: -Djdk.tls.ephemeralDHKeySize=2048
31-Jan-2018 15:05:02.971 信息 [main] org.apache.catalina.startup.VersionLoggerListener.log Command line argument: -Djava.protocol.handler.pkgs=org.apache.catalina.webresources
31-Jan-2018 15:05:02.972 信息 [main] org.apache.catalina.startup.VersionLoggerListener.log Command line argument: -Dcatalina.base=/Users/kohgylw/program/kiftd
31-Jan-2018 15:05:02.972 信息 [main] org.apache.catalina.startup.VersionLoggerListener.log Command line argument: -Dcatalina.home=/Users/kohgylw/program/kiftd
31-Jan-2018 15:05:02.972 信息 [main] org.apache.catalina.startup.VersionLoggerListener.log Command line argument: -Djava.io.tmpdir=/Users/kohgylw/program/kiftd/temp
31-Jan-2018 15:05:02.972 信息 [main] org.apache.catalina.core.AprLifecycleListener.lifecycleEvent The APR based Apache Tomcat Native library which allows optimal performance in production environments was not found on the java.library.path: /Users/kohgylw/Library/Java/Extensions:/Library/Java/Extensions:/Network/Library/Java/Extensions:/System/Library/Java/Extensions:/usr/lib/java:.
31-Jan-2018 15:05:03.092 信息 [main] org.apache.coyote.AbstractProtocol.init Initializing ProtocolHandler ["http-nio-80"]
31-Jan-2018 15:05:03.122 信息 [main] org.apache.tomcat.util.net.NioSelectorPool.getSharedSelector Using a shared selector for servlet write/read
31-Jan-2018 15:05:03.125 信息 [main] org.apache.coyote.AbstractProtocol.init Initializing ProtocolHandler ["ajp-nio-8009"]
31-Jan-2018 15:05:03.127 信息 [main] org.apache.tomcat.util.net.NioSelectorPool.getSharedSelector Using a shared selector for servlet write/read
31-Jan-2018 15:05:03.127 信息 [main] org.apache.catalina.startup.Catalina.load Initialization processed in 549 ms
31-Jan-2018 15:05:03.154 信息 [main] org.apache.catalina.core.StandardService.startInternal Starting service Catalina
31-Jan-2018 15:05:03.155 信息 [main] org.apache.catalina.core.StandardEngine.startInternal Starting Servlet Engine: Apache Tomcat/9.0.0.M17
31-Jan-2018 15:05:03.163 信息 [localhost-startStop-1] org.apache.catalina.startup.HostConfig.deployDirectory Deploying web application directory /Users/kohgylw/program/kiftd/webapps/docs
31-Jan-2018 15:05:03.482 信息 [localhost-startStop-1] org.apache.catalina.startup.HostConfig.deployDirectory Deployment of web application directory /Users/kohgylw/program/kiftd/webapps/docs has finished in 318 ms
31-Jan-2018 15:05:03.482 信息 [localhost-startStop-1] org.apache.catalina.startup.HostConfig.deployDirectory Deploying web application directory /Users/kohgylw/program/kiftd/webapps/manager
31-Jan-2018 15:05:03.526 信息 [localhost-startStop-1] org.apache.catalina.startup.HostConfig.deployDirectory Deployment of web application directory /Users/kohgylw/program/kiftd/webapps/manager has finished in 44 ms
31-Jan-2018 15:05:03.527 信息 [localhost-startStop-1] org.apache.catalina.startup.HostConfig.deployDirectory Deploying web application directory /Users/kohgylw/program/kiftd/webapps/examples
31-Jan-2018 15:05:03.806 信息 [localhost-startStop-1] org.apache.catalina.startup.HostConfig.deployDirectory Deployment of web application directory /Users/kohgylw/program/kiftd/webapps/examples has finished in 279 ms
31-Jan-2018 15:05:03.807 信息 [localhost-startStop-1] org.apache.catalina.startup.HostConfig.deployDirectory Deploying web application directory /Users/kohgylw/program/kiftd/webapps/ROOT
31-Jan-2018 15:05:04.933 信息 [localhost-startStop-1] org.apache.jasper.servlet.TldScanner.scanJars At least one JAR was scanned for TLDs yet contained no TLDs. Enable debug logging for this logger for a complete list of JARs that were scanned but no TLDs were found in them. Skipping unneeded JARs during scanning can improve startup time and JSP compilation time.
31-Jan-2018 15:05:05.286 信息 [localhost-startStop-1] org.springframework.web.context.ContextLoader.initWebApplicationContext Root WebApplicationContext: initialization started
31-Jan-2018 15:05:05.366 信息 [localhost-startStop-1] org.springframework.web.context.support.XmlWebApplicationContext.prepareRefresh Refreshing Root WebApplicationContext: startup date [Wed Jan 31 15:05:05 CST 2018]; root of context hierarchy
31-Jan-2018 15:05:05.424 信息 [localhost-startStop-1] org.springframework.beans.factory.xml.XmlBeanDefinitionReader.loadBeanDefinitions Loading XML bean definitions from class path resource [spring.xml]
31-Jan-2018 15:05:06.115 信息 [localhost-startStop-1] org.springframework.jdbc.datasource.DriverManagerDataSource.setDriverClassName Loaded JDBC driver: org.h2.Driver
31-Jan-2018 15:05:06.710 信息 [localhost-startStop-1] org.springframework.web.servlet.mvc.method.annotation.RequestMappingHandlerMapping.register Mapped "{[/errorController/pageNotFound.do]}" onto public java.lang.String kohgylw.controller.ErrorController.handleError(javax.servlet.http.HttpServletRequest)
31-Jan-2018 15:05:06.718 信息 [localhost-startStop-1] org.springframework.web.servlet.mvc.method.annotation.RequestMappingHandlerMapping.register Mapped "{[/homeController/doLogin.ajax]}" onto public java.lang.String kohgylw.controller.HomeController.doLogin(javax.servlet.http.HttpServletRequest,javax.servlet.http.HttpSession)
31-Jan-2018 15:05:06.718 信息 [localhost-startStop-1] org.springframework.web.servlet.mvc.method.annotation.RequestMappingHandlerMapping.register Mapped "{[/homeController/deleteFile.ajax]}" onto public java.lang.String kohgylw.controller.HomeController.deleteFile(javax.servlet.http.HttpServletRequest)
31-Jan-2018 15:05:06.719 信息 [localhost-startStop-1] org.springframework.web.servlet.mvc.method.annotation.RequestMappingHandlerMapping.register Mapped "{[/homeController/getServerOS.ajax]}" onto public java.lang.String kohgylw.controller.HomeController.getServerOS()
31-Jan-2018 15:05:06.719 信息 [localhost-startStop-1] org.springframework.web.servlet.mvc.method.annotation.RequestMappingHandlerMapping.register Mapped "{[/homeController/getFolderView.ajax],produces=[text/html;charset=utf-8]}" onto public java.lang.String kohgylw.controller.HomeController.getFolderView(java.lang.String,javax.servlet.http.HttpSession,javax.servlet.http.HttpServletRequest)
31-Jan-2018 15:05:06.720 信息 [localhost-startStop-1] org.springframework.web.servlet.mvc.method.annotation.RequestMappingHandlerMapping.register Mapped "{[/homeController/doLogout.do]}" onto public java.lang.String kohgylw.controller.HomeController.doLogout(javax.servlet.http.HttpSession)
31-Jan-2018 15:05:06.720 信息 [localhost-startStop-1] org.springframework.web.servlet.mvc.method.annotation.RequestMappingHandlerMapping.register Mapped "{[/homeController/newFolder.ajax]}" onto public java.lang.String kohgylw.controller.HomeController.newFolder(javax.servlet.http.HttpServletRequest)
31-Jan-2018 15:05:06.721 信息 [localhost-startStop-1] org.springframework.web.servlet.mvc.method.annotation.RequestMappingHandlerMapping.register Mapped "{[/homeController/deleteFolder.ajax]}" onto public java.lang.String kohgylw.controller.HomeController.deleteFolder(javax.servlet.http.HttpServletRequest)
31-Jan-2018 15:05:06.721 信息 [localhost-startStop-1] org.springframework.web.servlet.mvc.method.annotation.RequestMappingHandlerMapping.register Mapped "{[/homeController/renameFolder.ajax]}" onto public java.lang.String kohgylw.controller.HomeController.renameFolder(javax.servlet.http.HttpServletRequest)
31-Jan-2018 15:05:06.721 信息 [localhost-startStop-1] org.springframework.web.servlet.mvc.method.annotation.RequestMappingHandlerMapping.register Mapped "{[/homeController/douploadFile.ajax],produces=[text/html;charset=utf-8]}" onto public java.lang.String kohgylw.controller.HomeController.douploadFile(javax.servlet.http.HttpServletRequest,org.springframework.web.multipart.MultipartFile)
31-Jan-2018 15:05:06.722 信息 [localhost-startStop-1] org.springframework.web.servlet.mvc.method.annotation.RequestMappingHandlerMapping.register Mapped "{[/homeController/checkUploadFile.ajax],produces=[text/html;charset=utf-8]}" onto public java.lang.String kohgylw.controller.HomeController.checkUploadFile(javax.servlet.http.HttpServletRequest)
31-Jan-2018 15:05:06.722 信息 [localhost-startStop-1] org.springframework.web.servlet.mvc.method.annotation.RequestMappingHandlerMapping.register Mapped "{[/homeController/downloadFile.do]}" onto public void kohgylw.controller.HomeController.downloadFile(javax.servlet.http.HttpServletRequest,javax.servlet.http.HttpServletResponse)
31-Jan-2018 15:05:06.722 信息 [localhost-startStop-1] org.springframework.web.servlet.mvc.method.annotation.RequestMappingHandlerMapping.register Mapped "{[/homeController/renameFile.ajax]}" onto public java.lang.String kohgylw.controller.HomeController.renameFile(javax.servlet.http.HttpServletRequest)
31-Jan-2018 15:05:06.723 信息 [localhost-startStop-1] org.springframework.web.servlet.mvc.method.annotation.RequestMappingHandlerMapping.register Mapped "{[/homeController/playVideo.do]}" onto public java.lang.String kohgylw.controller.HomeController.playVideo(javax.servlet.http.HttpServletRequest)
31-Jan-2018 15:05:06.851 信息 [localhost-startStop-1] org.springframework.web.servlet.mvc.method.annotation.RequestMappingHandlerAdapter.initControllerAdviceCache Looking for @ControllerAdvice: Root WebApplicationContext: startup date [Wed Jan 31 15:05:05 CST 2018]; root of context hierarchy
31-Jan-2018 15:05:06.921 信息 [localhost-startStop-1] org.springframework.web.servlet.mvc.method.annotation.RequestMappingHandlerAdapter.initControllerAdviceCache Looking for @ControllerAdvice: Root WebApplicationContext: startup date [Wed Jan 31 15:05:05 CST 2018]; root of context hierarchy
31-Jan-2018 15:05:06.941 信息 [localhost-startStop-1] org.springframework.web.servlet.mvc.method.annotation.ExceptionHandlerExceptionResolver.initExceptionHandlerAdviceCache Detected @ExceptionHandler methods in errorController
31-Jan-2018 15:05:07.032 信息 [localhost-startStop-1] org.springframework.web.context.ContextLoader.initWebApplicationContext Root WebApplicationContext: initialization completed in 1745 ms
31-Jan-2018 15:05:07.080 信息 [localhost-startStop-1] org.springframework.web.servlet.DispatcherServlet.initServletBean FrameworkServlet 'dispatcher': initialization started
31-Jan-2018 15:05:07.083 信息 [localhost-startStop-1] org.springframework.web.context.support.XmlWebApplicationContext.prepareRefresh Refreshing WebApplicationContext for namespace 'dispatcher-servlet': startup date [Wed Jan 31 15:05:07 CST 2018]; parent: Root WebApplicationContext
31-Jan-2018 15:05:07.094 信息 [localhost-startStop-1] org.springframework.web.servlet.DispatcherServlet.initServletBean FrameworkServlet 'dispatcher': initialization completed in 14 ms
31-Jan-2018 15:05:07.098 信息 [localhost-startStop-1] org.apache.catalina.startup.HostConfig.deployDirectory Deployment of web application directory /Users/kohgylw/program/kiftd/webapps/ROOT has finished in 3,291 ms
31-Jan-2018 15:05:07.099 信息 [localhost-startStop-1] org.apache.catalina.startup.HostConfig.deployDirectory Deploying web application directory /Users/kohgylw/program/kiftd/webapps/host-manager
31-Jan-2018 15:05:07.122 信息 [localhost-startStop-1] org.apache.catalina.startup.HostConfig.deployDirectory Deployment of web application directory /Users/kohgylw/program/kiftd/webapps/host-manager has finished in 23 ms
31-Jan-2018 15:05:07.125 信息 [main] org.apache.coyote.AbstractProtocol.start Starting ProtocolHandler [http-nio-80]
31-Jan-2018 15:05:07.133 信息 [main] org.apache.coyote.AbstractProtocol.start Starting ProtocolHandler [ajp-nio-8009]
31-Jan-2018 15:05:07.133 信息 [main] org.apache.catalina.startup.Catalina.start Server startup in 4006 ms
31-Jan-2018 15:06:33.350 信息 [main] org.apache.catalina.core.StandardServer.await A valid shutdown command was received via the shutdown port. Stopping the Server instance.
31-Jan-2018 15:06:33.351 信息 [main] org.apache.coyote.AbstractProtocol.pause Pausing ProtocolHandler ["http-nio-80"]
31-Jan-2018 15:06:35.354 信息 [main] org.apache.coyote.AbstractProtocol.pause Pausing ProtocolHandler ["ajp-nio-8009"]
31-Jan-2018 15:06:37.361 信息 [main] org.apache.catalina.core.StandardService.stopInternal Stopping service Catalina
31-Jan-2018 15:06:37.365 信息 [localhost-startStop-2] org.springframework.web.context.support.XmlWebApplicationContext.doClose Closing WebApplicationContext for namespace 'dispatcher-servlet': startup date [Wed Jan 31 15:05:07 CST 2018]; parent: Root WebApplicationContext
31-Jan-2018 15:06:37.370 信息 [localhost-startStop-2] org.springframework.web.context.support.XmlWebApplicationContext.doClose Closing Root WebApplicationContext: startup date [Wed Jan 31 15:05:05 CST 2018]; root of context hierarchy
31-Jan-2018 15:06:37.376 警告 [localhost-startStop-2] org.apache.catalina.loader.WebappClassLoaderBase.clearReferencesJdbc The web application [ROOT] registered the JDBC driver [org.h2.Driver] but failed to unregister it when the web application was stopped. To prevent a memory leak, the JDBC Driver has been forcibly unregistered.
31-Jan-2018 15:06:37.395 信息 [main] org.apache.coyote.AbstractProtocol.stop Stopping ProtocolHandler ["http-nio-80"]
31-Jan-2018 15:06:39.406 信息 [main] org.apache.coyote.AbstractProtocol.stop Stopping ProtocolHandler ["ajp-nio-8009"]
31-Jan-2018 15:06:41.414 信息 [main] org.apache.coyote.AbstractProtocol.destroy Destroying ProtocolHandler ["http-nio-80"]
31-Jan-2018 15:06:41.417 严重 [main] org.apache.catalina.util.LifecycleBase.handleSubClassException Failed to destroy component [Connector[HTTP/1.1-80]]
 org.apache.catalina.LifecycleException: Protocol handler destroy failed
	at org.apache.catalina.connector.Connector.destroyInternal(Connector.java:1001)
	at org.apache.catalina.util.LifecycleBase.destroy(LifecycleBase.java:322)
	at org.apache.catalina.core.StandardService.destroyInternal(StandardService.java:543)
	at org.apache.catalina.util.LifecycleBase.destroy(LifecycleBase.java:322)
	at org.apache.catalina.core.StandardServer.destroyInternal(StandardServer.java:883)
	at org.apache.catalina.util.LifecycleBase.destroy(LifecycleBase.java:322)
	at org.apache.catalina.startup.Catalina.stop(Catalina.java:729)
	at org.apache.catalina.startup.Catalina.start(Catalina.java:690)
	at sun.reflect.NativeMethodAccessorImpl.invoke0(Native Method)
	at sun.reflect.NativeMethodAccessorImpl.invoke(NativeMethodAccessorImpl.java:62)
	at sun.reflect.DelegatingMethodAccessorImpl.invoke(DelegatingMethodAccessorImpl.java:43)
	at java.lang.reflect.Method.invoke(Method.java:498)
	at org.apache.catalina.startup.Bootstrap.start(Bootstrap.java:355)
	at org.apache.catalina.startup.Bootstrap.main(Bootstrap.java:495)
Caused by: java.io.IOException: Thread signal failed
	at sun.nio.ch.NativeThread.signal(Native Method)
	at sun.nio.ch.ServerSocketChannelImpl.implCloseSelectableChannel(ServerSocketChannelImpl.java:292)
	at java.nio.channels.spi.AbstractSelectableChannel.implCloseChannel(AbstractSelectableChannel.java:234)
	at java.nio.channels.spi.AbstractInterruptibleChannel.close(AbstractInterruptibleChannel.java:115)
	at sun.nio.ch.ServerSocketAdaptor.close(ServerSocketAdaptor.java:137)
	at org.apache.tomcat.util.net.NioEndpoint.unbind(NioEndpoint.java:307)
	at org.apache.tomcat.util.net.AbstractEndpoint.destroy(AbstractEndpoint.java:1015)
	at org.apache.coyote.AbstractProtocol.destroy(AbstractProtocol.java:621)
	at org.apache.catalina.connector.Connector.destroyInternal(Connector.java:997)
	... 13 more

31-Jan-2018 15:06:41.420 信息 [main] org.apache.coyote.AbstractProtocol.destroy Destroying ProtocolHandler ["ajp-nio-8009"]
31-Jan-2018 19:03:40.386 信息 [main] org.apache.catalina.startup.VersionLoggerListener.log Server version:        Apache Tomcat/9.0.0.M17
31-Jan-2018 19:03:40.393 信息 [main] org.apache.catalina.startup.VersionLoggerListener.log Server built:          Jan 10 2017 20:59:20 UTC
31-Jan-2018 19:03:40.394 信息 [main] org.apache.catalina.startup.VersionLoggerListener.log Server number:         9.0.0.0
31-Jan-2018 19:03:40.394 信息 [main] org.apache.catalina.startup.VersionLoggerListener.log OS Name:               Mac OS X
31-Jan-2018 19:03:40.394 信息 [main] org.apache.catalina.startup.VersionLoggerListener.log OS Version:            10.13.2
31-Jan-2018 19:03:40.394 信息 [main] org.apache.catalina.startup.VersionLoggerListener.log Architecture:          x86_64
31-Jan-2018 19:03:40.394 信息 [main] org.apache.catalina.startup.VersionLoggerListener.log Java Home:             /Library/Java/JavaVirtualMachines/jdk1.8.0_131.jdk/Contents/Home/jre
31-Jan-2018 19:03:40.394 信息 [main] org.apache.catalina.startup.VersionLoggerListener.log JVM Version:           1.8.0_131-b11
31-Jan-2018 19:03:40.394 信息 [main] org.apache.catalina.startup.VersionLoggerListener.log JVM Vendor:            Oracle Corporation
31-Jan-2018 19:03:40.394 信息 [main] org.apache.catalina.startup.VersionLoggerListener.log CATALINA_BASE:         /Users/kohgylw/program/kiftd
31-Jan-2018 19:03:40.395 信息 [main] org.apache.catalina.startup.VersionLoggerListener.log CATALINA_HOME:         /Users/kohgylw/program/kiftd
31-Jan-2018 19:03:40.395 信息 [main] org.apache.catalina.startup.VersionLoggerListener.log Command line argument: -Djava.util.logging.config.file=/Users/kohgylw/program/kiftd/conf/logging.properties
31-Jan-2018 19:03:40.396 信息 [main] org.apache.catalina.startup.VersionLoggerListener.log Command line argument: -Djava.util.logging.manager=org.apache.juli.ClassLoaderLogManager
31-Jan-2018 19:03:40.396 信息 [main] org.apache.catalina.startup.VersionLoggerListener.log Command line argument: -Xms1g
31-Jan-2018 19:03:40.396 信息 [main] org.apache.catalina.startup.VersionLoggerListener.log Command line argument: -Xmx1g
31-Jan-2018 19:03:40.396 信息 [main] org.apache.catalina.startup.VersionLoggerListener.log Command line argument: -Djdk.tls.ephemeralDHKeySize=2048
31-Jan-2018 19:03:40.396 信息 [main] org.apache.catalina.startup.VersionLoggerListener.log Command line argument: -Djava.protocol.handler.pkgs=org.apache.catalina.webresources
31-Jan-2018 19:03:40.396 信息 [main] org.apache.catalina.startup.VersionLoggerListener.log Command line argument: -Dcatalina.base=/Users/kohgylw/program/kiftd
31-Jan-2018 19:03:40.396 信息 [main] org.apache.catalina.startup.VersionLoggerListener.log Command line argument: -Dcatalina.home=/Users/kohgylw/program/kiftd
31-Jan-2018 19:03:40.396 信息 [main] org.apache.catalina.startup.VersionLoggerListener.log Command line argument: -Djava.io.tmpdir=/Users/kohgylw/program/kiftd/temp
31-Jan-2018 19:03:40.397 信息 [main] org.apache.catalina.core.AprLifecycleListener.lifecycleEvent The APR based Apache Tomcat Native library which allows optimal performance in production environments was not found on the java.library.path: /Users/kohgylw/Library/Java/Extensions:/Library/Java/Extensions:/Network/Library/Java/Extensions:/System/Library/Java/Extensions:/usr/lib/java:.
31-Jan-2018 19:03:40.594 信息 [main] org.apache.coyote.AbstractProtocol.init Initializing ProtocolHandler ["http-nio-80"]
31-Jan-2018 19:03:40.640 信息 [main] org.apache.tomcat.util.net.NioSelectorPool.getSharedSelector Using a shared selector for servlet write/read
31-Jan-2018 19:03:40.643 信息 [main] org.apache.coyote.AbstractProtocol.init Initializing ProtocolHandler ["ajp-nio-8009"]
31-Jan-2018 19:03:40.644 信息 [main] org.apache.tomcat.util.net.NioSelectorPool.getSharedSelector Using a shared selector for servlet write/read
31-Jan-2018 19:03:40.645 信息 [main] org.apache.catalina.startup.Catalina.load Initialization processed in 815 ms
31-Jan-2018 19:03:40.681 信息 [main] org.apache.catalina.core.StandardService.startInternal Starting service Catalina
31-Jan-2018 19:03:40.681 信息 [main] org.apache.catalina.core.StandardEngine.startInternal Starting Servlet Engine: Apache Tomcat/9.0.0.M17
31-Jan-2018 19:03:40.691 信息 [localhost-startStop-1] org.apache.catalina.startup.HostConfig.deployDirectory Deploying web application directory /Users/kohgylw/program/kiftd/webapps/docs
31-Jan-2018 19:03:41.096 信息 [localhost-startStop-1] org.apache.catalina.startup.HostConfig.deployDirectory Deployment of web application directory /Users/kohgylw/program/kiftd/webapps/docs has finished in 404 ms
31-Jan-2018 19:03:41.096 信息 [localhost-startStop-1] org.apache.catalina.startup.HostConfig.deployDirectory Deploying web application directory /Users/kohgylw/program/kiftd/webapps/manager
31-Jan-2018 19:03:41.145 信息 [localhost-startStop-1] org.apache.catalina.startup.HostConfig.deployDirectory Deployment of web application directory /Users/kohgylw/program/kiftd/webapps/manager has finished in 49 ms
31-Jan-2018 19:03:41.145 信息 [localhost-startStop-1] org.apache.catalina.startup.HostConfig.deployDirectory Deploying web application directory /Users/kohgylw/program/kiftd/webapps/examples
31-Jan-2018 19:03:41.721 信息 [localhost-startStop-1] org.apache.catalina.startup.HostConfig.deployDirectory Deployment of web application directory /Users/kohgylw/program/kiftd/webapps/examples has finished in 576 ms
31-Jan-2018 19:03:41.721 信息 [localhost-startStop-1] org.apache.catalina.startup.HostConfig.deployDirectory Deploying web application directory /Users/kohgylw/program/kiftd/webapps/ROOT
31-Jan-2018 19:03:43.174 信息 [localhost-startStop-1] org.apache.jasper.servlet.TldScanner.scanJars At least one JAR was scanned for TLDs yet contained no TLDs. Enable debug logging for this logger for a complete list of JARs that were scanned but no TLDs were found in them. Skipping unneeded JARs during scanning can improve startup time and JSP compilation time.
31-Jan-2018 19:03:43.539 信息 [localhost-startStop-1] org.springframework.web.context.ContextLoader.initWebApplicationContext Root WebApplicationContext: initialization started
31-Jan-2018 19:03:43.607 信息 [localhost-startStop-1] org.springframework.web.context.support.XmlWebApplicationContext.prepareRefresh Refreshing Root WebApplicationContext: startup date [Wed Jan 31 19:03:43 CST 2018]; root of context hierarchy
31-Jan-2018 19:03:43.661 信息 [localhost-startStop-1] org.springframework.beans.factory.xml.XmlBeanDefinitionReader.loadBeanDefinitions Loading XML bean definitions from class path resource [spring.xml]
31-Jan-2018 19:03:44.501 信息 [localhost-startStop-1] org.springframework.jdbc.datasource.DriverManagerDataSource.setDriverClassName Loaded JDBC driver: org.h2.Driver
31-Jan-2018 19:03:45.213 信息 [localhost-startStop-1] org.springframework.web.servlet.mvc.method.annotation.RequestMappingHandlerMapping.register Mapped "{[/errorController/pageNotFound.do]}" onto public java.lang.String kohgylw.controller.ErrorController.handleError(javax.servlet.http.HttpServletRequest)
31-Jan-2018 19:03:45.221 信息 [localhost-startStop-1] org.springframework.web.servlet.mvc.method.annotation.RequestMappingHandlerMapping.register Mapped "{[/homeController/deleteFile.ajax]}" onto public java.lang.String kohgylw.controller.HomeController.deleteFile(javax.servlet.http.HttpServletRequest)
31-Jan-2018 19:03:45.222 信息 [localhost-startStop-1] org.springframework.web.servlet.mvc.method.annotation.RequestMappingHandlerMapping.register Mapped "{[/homeController/doLogin.ajax]}" onto public java.lang.String kohgylw.controller.HomeController.doLogin(javax.servlet.http.HttpServletRequest,javax.servlet.http.HttpSession)
31-Jan-2018 19:03:45.222 信息 [localhost-startStop-1] org.springframework.web.servlet.mvc.method.annotation.RequestMappingHandlerMapping.register Mapped "{[/homeController/getServerOS.ajax]}" onto public java.lang.String kohgylw.controller.HomeController.getServerOS()
31-Jan-2018 19:03:45.223 信息 [localhost-startStop-1] org.springframework.web.servlet.mvc.method.annotation.RequestMappingHandlerMapping.register Mapped "{[/homeController/getFolderView.ajax],produces=[text/html;charset=utf-8]}" onto public java.lang.String kohgylw.controller.HomeController.getFolderView(java.lang.String,javax.servlet.http.HttpSession,javax.servlet.http.HttpServletRequest)
31-Jan-2018 19:03:45.223 信息 [localhost-startStop-1] org.springframework.web.servlet.mvc.method.annotation.RequestMappingHandlerMapping.register Mapped "{[/homeController/doLogout.do]}" onto public java.lang.String kohgylw.controller.HomeController.doLogout(javax.servlet.http.HttpSession)
31-Jan-2018 19:03:45.224 信息 [localhost-startStop-1] org.springframework.web.servlet.mvc.method.annotation.RequestMappingHandlerMapping.register Mapped "{[/homeController/newFolder.ajax]}" onto public java.lang.String kohgylw.controller.HomeController.newFolder(javax.servlet.http.HttpServletRequest)
31-Jan-2018 19:03:45.224 信息 [localhost-startStop-1] org.springframework.web.servlet.mvc.method.annotation.RequestMappingHandlerMapping.register Mapped "{[/homeController/deleteFolder.ajax]}" onto public java.lang.String kohgylw.controller.HomeController.deleteFolder(javax.servlet.http.HttpServletRequest)
31-Jan-2018 19:03:45.225 信息 [localhost-startStop-1] org.springframework.web.servlet.mvc.method.annotation.RequestMappingHandlerMapping.register Mapped "{[/homeController/renameFolder.ajax]}" onto public java.lang.String kohgylw.controller.HomeController.renameFolder(javax.servlet.http.HttpServletRequest)
31-Jan-2018 19:03:45.225 信息 [localhost-startStop-1] org.springframework.web.servlet.mvc.method.annotation.RequestMappingHandlerMapping.register Mapped "{[/homeController/douploadFile.ajax],produces=[text/html;charset=utf-8]}" onto public java.lang.String kohgylw.controller.HomeController.douploadFile(javax.servlet.http.HttpServletRequest,org.springframework.web.multipart.MultipartFile)
31-Jan-2018 19:03:45.226 信息 [localhost-startStop-1] org.springframework.web.servlet.mvc.method.annotation.RequestMappingHandlerMapping.register Mapped "{[/homeController/checkUploadFile.ajax],produces=[text/html;charset=utf-8]}" onto public java.lang.String kohgylw.controller.HomeController.checkUploadFile(javax.servlet.http.HttpServletRequest)
31-Jan-2018 19:03:45.226 信息 [localhost-startStop-1] org.springframework.web.servlet.mvc.method.annotation.RequestMappingHandlerMapping.register Mapped "{[/homeController/downloadFile.do]}" onto public void kohgylw.controller.HomeController.downloadFile(javax.servlet.http.HttpServletRequest,javax.servlet.http.HttpServletResponse)
31-Jan-2018 19:03:45.227 信息 [localhost-startStop-1] org.springframework.web.servlet.mvc.method.annotation.RequestMappingHandlerMapping.register Mapped "{[/homeController/renameFile.ajax]}" onto public java.lang.String kohgylw.controller.HomeController.renameFile(javax.servlet.http.HttpServletRequest)
31-Jan-2018 19:03:45.227 信息 [localhost-startStop-1] org.springframework.web.servlet.mvc.method.annotation.RequestMappingHandlerMapping.register Mapped "{[/homeController/playVideo.do]}" onto public java.lang.String kohgylw.controller.HomeController.playVideo(javax.servlet.http.HttpServletRequest)
31-Jan-2018 19:03:45.383 信息 [localhost-startStop-1] org.springframework.web.servlet.mvc.method.annotation.RequestMappingHandlerAdapter.initControllerAdviceCache Looking for @ControllerAdvice: Root WebApplicationContext: startup date [Wed Jan 31 19:03:43 CST 2018]; root of context hierarchy
31-Jan-2018 19:03:45.442 信息 [localhost-startStop-1] org.springframework.web.servlet.mvc.method.annotation.RequestMappingHandlerAdapter.initControllerAdviceCache Looking for @ControllerAdvice: Root WebApplicationContext: startup date [Wed Jan 31 19:03:43 CST 2018]; root of context hierarchy
31-Jan-2018 19:03:45.460 信息 [localhost-startStop-1] org.springframework.web.servlet.mvc.method.annotation.ExceptionHandlerExceptionResolver.initExceptionHandlerAdviceCache Detected @ExceptionHandler methods in errorController
31-Jan-2018 19:03:45.567 信息 [localhost-startStop-1] org.springframework.web.context.ContextLoader.initWebApplicationContext Root WebApplicationContext: initialization completed in 2028 ms
31-Jan-2018 19:03:45.628 信息 [localhost-startStop-1] org.springframework.web.servlet.DispatcherServlet.initServletBean FrameworkServlet 'dispatcher': initialization started
31-Jan-2018 19:03:45.637 信息 [localhost-startStop-1] org.springframework.web.context.support.XmlWebApplicationContext.prepareRefresh Refreshing WebApplicationContext for namespace 'dispatcher-servlet': startup date [Wed Jan 31 19:03:45 CST 2018]; parent: Root WebApplicationContext
31-Jan-2018 19:03:45.647 信息 [localhost-startStop-1] org.springframework.web.servlet.DispatcherServlet.initServletBean FrameworkServlet 'dispatcher': initialization completed in 19 ms
31-Jan-2018 19:03:45.650 信息 [localhost-startStop-1] org.apache.catalina.startup.HostConfig.deployDirectory Deployment of web application directory /Users/kohgylw/program/kiftd/webapps/ROOT has finished in 3,929 ms
31-Jan-2018 19:03:45.650 信息 [localhost-startStop-1] org.apache.catalina.startup.HostConfig.deployDirectory Deploying web application directory /Users/kohgylw/program/kiftd/webapps/host-manager
31-Jan-2018 19:03:45.669 信息 [localhost-startStop-1] org.apache.catalina.startup.HostConfig.deployDirectory Deployment of web application directory /Users/kohgylw/program/kiftd/webapps/host-manager has finished in 19 ms
31-Jan-2018 19:03:45.672 信息 [main] org.apache.coyote.AbstractProtocol.start Starting ProtocolHandler [http-nio-80]
31-Jan-2018 19:03:45.680 信息 [main] org.apache.coyote.AbstractProtocol.start Starting ProtocolHandler [ajp-nio-8009]
31-Jan-2018 19:03:45.681 信息 [main] org.apache.catalina.startup.Catalina.start Server startup in 5035 ms
