30-Jan-2018 16:10:15.926 信息 [main] org.apache.catalina.startup.VersionLoggerListener.log Server version:        Apache Tomcat/9.0.0.M17
30-Jan-2018 16:10:15.930 信息 [main] org.apache.catalina.startup.VersionLoggerListener.log Server built:          Jan 10 2017 20:59:20 UTC
30-Jan-2018 16:10:15.930 信息 [main] org.apache.catalina.startup.VersionLoggerListener.log Server number:         9.0.0.0
30-Jan-2018 16:10:15.930 信息 [main] org.apache.catalina.startup.VersionLoggerListener.log OS Name:               Mac OS X
30-Jan-2018 16:10:15.930 信息 [main] org.apache.catalina.startup.VersionLoggerListener.log OS Version:            10.13.2
30-Jan-2018 16:10:15.930 信息 [main] org.apache.catalina.startup.VersionLoggerListener.log Architecture:          x86_64
30-Jan-2018 16:10:15.931 信息 [main] org.apache.catalina.startup.VersionLoggerListener.log Java Home:             /Library/Java/JavaVirtualMachines/jdk1.8.0_131.jdk/Contents/Home/jre
30-Jan-2018 16:10:15.931 信息 [main] org.apache.catalina.startup.VersionLoggerListener.log JVM Version:           1.8.0_131-b11
30-Jan-2018 16:10:15.931 信息 [main] org.apache.catalina.startup.VersionLoggerListener.log JVM Vendor:            Oracle Corporation
30-Jan-2018 16:10:15.931 信息 [main] org.apache.catalina.startup.VersionLoggerListener.log CATALINA_BASE:         /Users/kohgylw/program/kiftd
30-Jan-2018 16:10:15.931 信息 [main] org.apache.catalina.startup.VersionLoggerListener.log CATALINA_HOME:         /Users/kohgylw/program/kiftd
30-Jan-2018 16:10:15.932 信息 [main] org.apache.catalina.startup.VersionLoggerListener.log Command line argument: -Djava.util.logging.config.file=/Users/kohgylw/program/kiftd/conf/logging.properties
30-Jan-2018 16:10:15.932 信息 [main] org.apache.catalina.startup.VersionLoggerListener.log Command line argument: -Djava.util.logging.manager=org.apache.juli.ClassLoaderLogManager
30-Jan-2018 16:10:15.932 信息 [main] org.apache.catalina.startup.VersionLoggerListener.log Command line argument: -Xms1g
30-Jan-2018 16:10:15.932 信息 [main] org.apache.catalina.startup.VersionLoggerListener.log Command line argument: -Xmx1g
30-Jan-2018 16:10:15.932 信息 [main] org.apache.catalina.startup.VersionLoggerListener.log Command line argument: -Djdk.tls.ephemeralDHKeySize=2048
30-Jan-2018 16:10:15.932 信息 [main] org.apache.catalina.startup.VersionLoggerListener.log Command line argument: -Djava.protocol.handler.pkgs=org.apache.catalina.webresources
30-Jan-2018 16:10:15.933 信息 [main] org.apache.catalina.startup.VersionLoggerListener.log Command line argument: -Dcatalina.base=/Users/kohgylw/program/kiftd
30-Jan-2018 16:10:15.933 信息 [main] org.apache.catalina.startup.VersionLoggerListener.log Command line argument: -Dcatalina.home=/Users/kohgylw/program/kiftd
30-Jan-2018 16:10:15.933 信息 [main] org.apache.catalina.startup.VersionLoggerListener.log Command line argument: -Djava.io.tmpdir=/Users/kohgylw/program/kiftd/temp
30-Jan-2018 16:10:15.933 信息 [main] org.apache.catalina.core.AprLifecycleListener.lifecycleEvent The APR based Apache Tomcat Native library which allows optimal performance in production environments was not found on the java.library.path: /Users/kohgylw/Library/Java/Extensions:/Library/Java/Extensions:/Network/Library/Java/Extensions:/System/Library/Java/Extensions:/usr/lib/java:.
30-Jan-2018 16:10:16.063 信息 [main] org.apache.coyote.AbstractProtocol.init Initializing ProtocolHandler ["http-nio-80"]
30-Jan-2018 16:10:16.096 信息 [main] org.apache.tomcat.util.net.NioSelectorPool.getSharedSelector Using a shared selector for servlet write/read
30-Jan-2018 16:10:16.099 信息 [main] org.apache.coyote.AbstractProtocol.init Initializing ProtocolHandler ["ajp-nio-8009"]
30-Jan-2018 16:10:16.100 信息 [main] org.apache.tomcat.util.net.NioSelectorPool.getSharedSelector Using a shared selector for servlet write/read
30-Jan-2018 16:10:16.101 信息 [main] org.apache.catalina.startup.Catalina.load Initialization processed in 567 ms
30-Jan-2018 16:10:16.128 信息 [main] org.apache.catalina.core.StandardService.startInternal Starting service Catalina
30-Jan-2018 16:10:16.129 信息 [main] org.apache.catalina.core.StandardEngine.startInternal Starting Servlet Engine: Apache Tomcat/9.0.0.M17
30-Jan-2018 16:10:16.139 信息 [localhost-startStop-1] org.apache.catalina.startup.HostConfig.deployDirectory Deploying web application directory /Users/kohgylw/program/kiftd/webapps/docs
30-Jan-2018 16:10:16.474 信息 [localhost-startStop-1] org.apache.catalina.startup.HostConfig.deployDirectory Deployment of web application directory /Users/kohgylw/program/kiftd/webapps/docs has finished in 335 ms
30-Jan-2018 16:10:16.474 信息 [localhost-startStop-1] org.apache.catalina.startup.HostConfig.deployDirectory Deploying web application directory /Users/kohgylw/program/kiftd/webapps/manager
30-Jan-2018 16:10:16.544 信息 [localhost-startStop-1] org.apache.catalina.startup.HostConfig.deployDirectory Deployment of web application directory /Users/kohgylw/program/kiftd/webapps/manager has finished in 70 ms
30-Jan-2018 16:10:16.544 信息 [localhost-startStop-1] org.apache.catalina.startup.HostConfig.deployDirectory Deploying web application directory /Users/kohgylw/program/kiftd/webapps/examples
30-Jan-2018 16:10:16.827 信息 [localhost-startStop-1] org.apache.catalina.startup.HostConfig.deployDirectory Deployment of web application directory /Users/kohgylw/program/kiftd/webapps/examples has finished in 282 ms
30-Jan-2018 16:10:16.827 信息 [localhost-startStop-1] org.apache.catalina.startup.HostConfig.deployDirectory Deploying web application directory /Users/kohgylw/program/kiftd/webapps/ROOT
30-Jan-2018 16:10:17.780 信息 [localhost-startStop-1] org.apache.jasper.servlet.TldScanner.scanJars At least one JAR was scanned for TLDs yet contained no TLDs. Enable debug logging for this logger for a complete list of JARs that were scanned but no TLDs were found in them. Skipping unneeded JARs during scanning can improve startup time and JSP compilation time.
30-Jan-2018 16:10:18.086 信息 [localhost-startStop-1] org.springframework.web.context.ContextLoader.initWebApplicationContext Root WebApplicationContext: initialization started
30-Jan-2018 16:10:18.147 信息 [localhost-startStop-1] org.springframework.web.context.support.XmlWebApplicationContext.prepareRefresh Refreshing Root WebApplicationContext: startup date [Tue Jan 30 16:10:18 CST 2018]; root of context hierarchy
30-Jan-2018 16:10:18.205 信息 [localhost-startStop-1] org.springframework.beans.factory.xml.XmlBeanDefinitionReader.loadBeanDefinitions Loading XML bean definitions from class path resource [spring.xml]
30-Jan-2018 16:10:19.167 信息 [localhost-startStop-1] org.springframework.jdbc.datasource.DriverManagerDataSource.setDriverClassName Loaded JDBC driver: org.h2.Driver
30-Jan-2018 16:10:19.743 信息 [localhost-startStop-1] org.springframework.web.servlet.mvc.method.annotation.RequestMappingHandlerMapping.register Mapped "{[/errorController/pageNotFound.do]}" onto public java.lang.String kohgylw.controller.ErrorController.handleError(javax.servlet.http.HttpServletRequest)
30-Jan-2018 16:10:19.752 信息 [localhost-startStop-1] org.springframework.web.servlet.mvc.method.annotation.RequestMappingHandlerMapping.register Mapped "{[/homeController/deleteFile.ajax]}" onto public java.lang.String kohgylw.controller.HomeController.deleteFile(javax.servlet.http.HttpServletRequest)
30-Jan-2018 16:10:19.753 信息 [localhost-startStop-1] org.springframework.web.servlet.mvc.method.annotation.RequestMappingHandlerMapping.register Mapped "{[/homeController/doLogin.ajax]}" onto public java.lang.String kohgylw.controller.HomeController.doLogin(javax.servlet.http.HttpServletRequest,javax.servlet.http.HttpSession)
30-Jan-2018 16:10:19.753 信息 [localhost-startStop-1] org.springframework.web.servlet.mvc.method.annotation.RequestMappingHandlerMapping.register Mapped "{[/homeController/getServerOS.ajax]}" onto public java.lang.String kohgylw.controller.HomeController.getServerOS()
30-Jan-2018 16:10:19.754 信息 [localhost-startStop-1] org.springframework.web.servlet.mvc.method.annotation.RequestMappingHandlerMapping.register Mapped "{[/homeController/getFolderView.ajax],produces=[text/html;charset=utf-8]}" onto public java.lang.String kohgylw.controller.HomeController.getFolderView(java.lang.String,javax.servlet.http.HttpSession,javax.servlet.http.HttpServletRequest)
30-Jan-2018 16:10:19.754 信息 [localhost-startStop-1] org.springframework.web.servlet.mvc.method.annotation.RequestMappingHandlerMapping.register Mapped "{[/homeController/doLogout.do]}" onto public java.lang.String kohgylw.controller.HomeController.doLogout(javax.servlet.http.HttpSession)
30-Jan-2018 16:10:19.755 信息 [localhost-startStop-1] org.springframework.web.servlet.mvc.method.annotation.RequestMappingHandlerMapping.register Mapped "{[/homeController/newFolder.ajax]}" onto public java.lang.String kohgylw.controller.HomeController.newFolder(javax.servlet.http.HttpServletRequest)
30-Jan-2018 16:10:19.755 信息 [localhost-startStop-1] org.springframework.web.servlet.mvc.method.annotation.RequestMappingHandlerMapping.register Mapped "{[/homeController/deleteFolder.ajax]}" onto public java.lang.String kohgylw.controller.HomeController.deleteFolder(javax.servlet.http.HttpServletRequest)
30-Jan-2018 16:10:19.756 信息 [localhost-startStop-1] org.springframework.web.servlet.mvc.method.annotation.RequestMappingHandlerMapping.register Mapped "{[/homeController/renameFolder.ajax]}" onto public java.lang.String kohgylw.controller.HomeController.renameFolder(javax.servlet.http.HttpServletRequest)
30-Jan-2018 16:10:19.756 信息 [localhost-startStop-1] org.springframework.web.servlet.mvc.method.annotation.RequestMappingHandlerMapping.register Mapped "{[/homeController/douploadFile.ajax],produces=[text/html;charset=utf-8]}" onto public java.lang.String kohgylw.controller.HomeController.douploadFile(javax.servlet.http.HttpServletRequest,org.springframework.web.multipart.MultipartFile)
30-Jan-2018 16:10:19.757 信息 [localhost-startStop-1] org.springframework.web.servlet.mvc.method.annotation.RequestMappingHandlerMapping.register Mapped "{[/homeController/checkUploadFile.ajax],produces=[text/html;charset=utf-8]}" onto public java.lang.String kohgylw.controller.HomeController.checkUploadFile(javax.servlet.http.HttpServletRequest)
30-Jan-2018 16:10:19.757 信息 [localhost-startStop-1] org.springframework.web.servlet.mvc.method.annotation.RequestMappingHandlerMapping.register Mapped "{[/homeController/downloadFile.do]}" onto public void kohgylw.controller.HomeController.downloadFile(javax.servlet.http.HttpServletRequest,javax.servlet.http.HttpServletResponse)
30-Jan-2018 16:10:19.757 信息 [localhost-startStop-1] org.springframework.web.servlet.mvc.method.annotation.RequestMappingHandlerMapping.register Mapped "{[/homeController/renameFile.ajax]}" onto public java.lang.String kohgylw.controller.HomeController.renameFile(javax.servlet.http.HttpServletRequest)
30-Jan-2018 16:10:19.758 信息 [localhost-startStop-1] org.springframework.web.servlet.mvc.method.annotation.RequestMappingHandlerMapping.register Mapped "{[/homeController/playVideo.do]}" onto public java.lang.String kohgylw.controller.HomeController.playVideo(javax.servlet.http.HttpServletRequest)
30-Jan-2018 16:10:19.984 信息 [localhost-startStop-1] org.springframework.web.servlet.mvc.method.annotation.RequestMappingHandlerAdapter.initControllerAdviceCache Looking for @ControllerAdvice: Root WebApplicationContext: startup date [Tue Jan 30 16:10:18 CST 2018]; root of context hierarchy
30-Jan-2018 16:10:20.057 信息 [localhost-startStop-1] org.springframework.web.servlet.mvc.method.annotation.RequestMappingHandlerAdapter.initControllerAdviceCache Looking for @ControllerAdvice: Root WebApplicationContext: startup date [Tue Jan 30 16:10:18 CST 2018]; root of context hierarchy
30-Jan-2018 16:10:20.079 信息 [localhost-startStop-1] org.springframework.web.servlet.mvc.method.annotation.ExceptionHandlerExceptionResolver.initExceptionHandlerAdviceCache Detected @ExceptionHandler methods in errorController
30-Jan-2018 16:10:20.204 信息 [localhost-startStop-1] org.springframework.web.context.ContextLoader.initWebApplicationContext Root WebApplicationContext: initialization completed in 2118 ms
30-Jan-2018 16:10:20.267 信息 [localhost-startStop-1] org.springframework.web.servlet.DispatcherServlet.initServletBean FrameworkServlet 'dispatcher': initialization started
30-Jan-2018 16:10:20.273 信息 [localhost-startStop-1] org.springframework.web.context.support.XmlWebApplicationContext.prepareRefresh Refreshing WebApplicationContext for namespace 'dispatcher-servlet': startup date [Tue Jan 30 16:10:20 CST 2018]; parent: Root WebApplicationContext
30-Jan-2018 16:10:20.283 信息 [localhost-startStop-1] org.springframework.web.servlet.DispatcherServlet.initServletBean FrameworkServlet 'dispatcher': initialization completed in 16 ms
30-Jan-2018 16:10:20.286 信息 [localhost-startStop-1] org.apache.catalina.startup.HostConfig.deployDirectory Deployment of web application directory /Users/kohgylw/program/kiftd/webapps/ROOT has finished in 3,459 ms
30-Jan-2018 16:10:20.287 信息 [localhost-startStop-1] org.apache.catalina.startup.HostConfig.deployDirectory Deploying web application directory /Users/kohgylw/program/kiftd/webapps/host-manager
30-Jan-2018 16:10:20.305 信息 [localhost-startStop-1] org.apache.catalina.startup.HostConfig.deployDirectory Deployment of web application directory /Users/kohgylw/program/kiftd/webapps/host-manager has finished in 18 ms
30-Jan-2018 16:10:20.309 信息 [main] org.apache.coyote.AbstractProtocol.start Starting ProtocolHandler [http-nio-80]
30-Jan-2018 16:10:20.316 信息 [main] org.apache.coyote.AbstractProtocol.start Starting ProtocolHandler [ajp-nio-8009]
30-Jan-2018 16:10:20.317 信息 [main] org.apache.catalina.startup.Catalina.start Server startup in 4215 ms
30-Jan-2018 16:45:48.701 信息 [main] org.apache.catalina.core.StandardServer.await A valid shutdown command was received via the shutdown port. Stopping the Server instance.
30-Jan-2018 16:45:48.702 信息 [main] org.apache.coyote.AbstractProtocol.pause Pausing ProtocolHandler ["http-nio-80"]
30-Jan-2018 16:45:50.706 信息 [main] org.apache.coyote.AbstractProtocol.pause Pausing ProtocolHandler ["ajp-nio-8009"]
30-Jan-2018 16:45:52.711 信息 [main] org.apache.catalina.core.StandardService.stopInternal Stopping service Catalina
30-Jan-2018 16:45:52.715 信息 [localhost-startStop-2] org.springframework.web.context.support.XmlWebApplicationContext.doClose Closing WebApplicationContext for namespace 'dispatcher-servlet': startup date [Tue Jan 30 16:10:20 CST 2018]; parent: Root WebApplicationContext
30-Jan-2018 16:45:52.724 信息 [localhost-startStop-2] org.springframework.web.context.support.XmlWebApplicationContext.doClose Closing Root WebApplicationContext: startup date [Tue Jan 30 16:10:18 CST 2018]; root of context hierarchy
30-Jan-2018 16:45:52.736 警告 [localhost-startStop-2] org.apache.catalina.loader.WebappClassLoaderBase.clearReferencesJdbc The web application [ROOT] registered the JDBC driver [org.h2.Driver] but failed to unregister it when the web application was stopped. To prevent a memory leak, the JDBC Driver has been forcibly unregistered.
30-Jan-2018 16:45:52.754 信息 [main] org.apache.coyote.AbstractProtocol.stop Stopping ProtocolHandler ["http-nio-80"]
30-Jan-2018 16:45:54.762 信息 [main] org.apache.coyote.AbstractProtocol.stop Stopping ProtocolHandler ["ajp-nio-8009"]
30-Jan-2018 16:45:56.766 信息 [main] org.apache.coyote.AbstractProtocol.destroy Destroying ProtocolHandler ["http-nio-80"]
30-Jan-2018 16:45:56.770 严重 [main] org.apache.catalina.util.LifecycleBase.handleSubClassException Failed to destroy component [Connector[HTTP/1.1-80]]
 org.apache.catalina.LifecycleException: Protocol handler destroy failed
	at org.apache.catalina.connector.Connector.destroyInternal(Connector.java:1001)
	at org.apache.catalina.util.LifecycleBase.destroy(LifecycleBase.java:322)
	at org.apache.catalina.core.StandardService.destroyInternal(StandardService.java:543)
	at org.apache.catalina.util.LifecycleBase.destroy(LifecycleBase.java:322)
	at org.apache.catalina.core.StandardServer.destroyInternal(StandardServer.java:883)
	at org.apache.catalina.util.LifecycleBase.destroy(LifecycleBase.java:322)
	at org.apache.catalina.startup.Catalina.stop(Catalina.java:729)
	at org.apache.catalina.startup.Catalina.start(Catalina.java:690)
	at sun.reflect.NativeMethodAccessorImpl.invoke0(Native Method)
	at sun.reflect.NativeMethodAccessorImpl.invoke(NativeMethodAccessorImpl.java:62)
	at sun.reflect.DelegatingMethodAccessorImpl.invoke(DelegatingMethodAccessorImpl.java:43)
	at java.lang.reflect.Method.invoke(Method.java:498)
	at org.apache.catalina.startup.Bootstrap.start(Bootstrap.java:355)
	at org.apache.catalina.startup.Bootstrap.main(Bootstrap.java:495)
Caused by: java.io.IOException: Thread signal failed
	at sun.nio.ch.NativeThread.signal(Native Method)
	at sun.nio.ch.ServerSocketChannelImpl.implCloseSelectableChannel(ServerSocketChannelImpl.java:292)
	at java.nio.channels.spi.AbstractSelectableChannel.implCloseChannel(AbstractSelectableChannel.java:234)
	at java.nio.channels.spi.AbstractInterruptibleChannel.close(AbstractInterruptibleChannel.java:115)
	at sun.nio.ch.ServerSocketAdaptor.close(ServerSocketAdaptor.java:137)
	at org.apache.tomcat.util.net.NioEndpoint.unbind(NioEndpoint.java:307)
	at org.apache.tomcat.util.net.AbstractEndpoint.destroy(AbstractEndpoint.java:1015)
	at org.apache.coyote.AbstractProtocol.destroy(AbstractProtocol.java:621)
	at org.apache.catalina.connector.Connector.destroyInternal(Connector.java:997)
	... 13 more

30-Jan-2018 16:45:56.772 信息 [main] org.apache.coyote.AbstractProtocol.destroy Destroying ProtocolHandler ["ajp-nio-8009"]
