13-Feb-2018 11:00:14.681 信息 [main] org.apache.catalina.startup.VersionLoggerListener.log Server version:        Apache Tomcat/9.0.0.M17
13-Feb-2018 11:00:14.685 信息 [main] org.apache.catalina.startup.VersionLoggerListener.log Server built:          Jan 10 2017 20:59:20 UTC
13-Feb-2018 11:00:14.685 信息 [main] org.apache.catalina.startup.VersionLoggerListener.log Server number:         9.0.0.0
13-Feb-2018 11:00:14.685 信息 [main] org.apache.catalina.startup.VersionLoggerListener.log OS Name:               Mac OS X
13-Feb-2018 11:00:14.685 信息 [main] org.apache.catalina.startup.VersionLoggerListener.log OS Version:            10.13.3
13-Feb-2018 11:00:14.685 信息 [main] org.apache.catalina.startup.VersionLoggerListener.log Architecture:          x86_64
13-Feb-2018 11:00:14.686 信息 [main] org.apache.catalina.startup.VersionLoggerListener.log Java Home:             /Library/Java/JavaVirtualMachines/jdk1.8.0_131.jdk/Contents/Home/jre
13-Feb-2018 11:00:14.686 信息 [main] org.apache.catalina.startup.VersionLoggerListener.log JVM Version:           1.8.0_131-b11
13-Feb-2018 11:00:14.686 信息 [main] org.apache.catalina.startup.VersionLoggerListener.log JVM Vendor:            Oracle Corporation
13-Feb-2018 11:00:14.686 信息 [main] org.apache.catalina.startup.VersionLoggerListener.log CATALINA_BASE:         /Users/kohgylw/program/kiftd
13-Feb-2018 11:00:14.686 信息 [main] org.apache.catalina.startup.VersionLoggerListener.log CATALINA_HOME:         /Users/kohgylw/program/kiftd
13-Feb-2018 11:00:14.687 信息 [main] org.apache.catalina.startup.VersionLoggerListener.log Command line argument: -Djava.util.logging.config.file=/Users/kohgylw/program/kiftd/conf/logging.properties
13-Feb-2018 11:00:14.687 信息 [main] org.apache.catalina.startup.VersionLoggerListener.log Command line argument: -Djava.util.logging.manager=org.apache.juli.ClassLoaderLogManager
13-Feb-2018 11:00:14.687 信息 [main] org.apache.catalina.startup.VersionLoggerListener.log Command line argument: -Xms1g
13-Feb-2018 11:00:14.687 信息 [main] org.apache.catalina.startup.VersionLoggerListener.log Command line argument: -Xmx1g
13-Feb-2018 11:00:14.687 信息 [main] org.apache.catalina.startup.VersionLoggerListener.log Command line argument: -Djdk.tls.ephemeralDHKeySize=2048
13-Feb-2018 11:00:14.687 信息 [main] org.apache.catalina.startup.VersionLoggerListener.log Command line argument: -Djava.protocol.handler.pkgs=org.apache.catalina.webresources
13-Feb-2018 11:00:14.687 信息 [main] org.apache.catalina.startup.VersionLoggerListener.log Command line argument: -Dcatalina.base=/Users/kohgylw/program/kiftd
13-Feb-2018 11:00:14.688 信息 [main] org.apache.catalina.startup.VersionLoggerListener.log Command line argument: -Dcatalina.home=/Users/kohgylw/program/kiftd
13-Feb-2018 11:00:14.688 信息 [main] org.apache.catalina.startup.VersionLoggerListener.log Command line argument: -Djava.io.tmpdir=/Users/kohgylw/program/kiftd/temp
13-Feb-2018 11:00:14.688 信息 [main] org.apache.catalina.core.AprLifecycleListener.lifecycleEvent The APR based Apache Tomcat Native library which allows optimal performance in production environments was not found on the java.library.path: /Users/kohgylw/Library/Java/Extensions:/Library/Java/Extensions:/Network/Library/Java/Extensions:/System/Library/Java/Extensions:/usr/lib/java:.
13-Feb-2018 11:00:14.807 信息 [main] org.apache.coyote.AbstractProtocol.init Initializing ProtocolHandler ["http-nio-80"]
13-Feb-2018 11:00:14.838 信息 [main] org.apache.tomcat.util.net.NioSelectorPool.getSharedSelector Using a shared selector for servlet write/read
13-Feb-2018 11:00:14.841 信息 [main] org.apache.coyote.AbstractProtocol.init Initializing ProtocolHandler ["ajp-nio-8009"]
13-Feb-2018 11:00:14.842 信息 [main] org.apache.tomcat.util.net.NioSelectorPool.getSharedSelector Using a shared selector for servlet write/read
13-Feb-2018 11:00:14.843 信息 [main] org.apache.catalina.startup.Catalina.load Initialization processed in 538 ms
13-Feb-2018 11:00:14.869 信息 [main] org.apache.catalina.core.StandardService.startInternal Starting service Catalina
13-Feb-2018 11:00:14.870 信息 [main] org.apache.catalina.core.StandardEngine.startInternal Starting Servlet Engine: Apache Tomcat/9.0.0.M17
13-Feb-2018 11:00:14.878 信息 [localhost-startStop-1] org.apache.catalina.startup.HostConfig.deployDirectory Deploying web application directory /Users/kohgylw/program/kiftd/webapps/docs
13-Feb-2018 11:00:15.227 信息 [localhost-startStop-1] org.apache.catalina.startup.HostConfig.deployDirectory Deployment of web application directory /Users/kohgylw/program/kiftd/webapps/docs has finished in 349 ms
13-Feb-2018 11:00:15.227 信息 [localhost-startStop-1] org.apache.catalina.startup.HostConfig.deployDirectory Deploying web application directory /Users/kohgylw/program/kiftd/webapps/manager
13-Feb-2018 11:00:15.274 信息 [localhost-startStop-1] org.apache.catalina.startup.HostConfig.deployDirectory Deployment of web application directory /Users/kohgylw/program/kiftd/webapps/manager has finished in 47 ms
13-Feb-2018 11:00:15.274 信息 [localhost-startStop-1] org.apache.catalina.startup.HostConfig.deployDirectory Deploying web application directory /Users/kohgylw/program/kiftd/webapps/examples
13-Feb-2018 11:00:15.638 信息 [localhost-startStop-1] org.apache.catalina.startup.HostConfig.deployDirectory Deployment of web application directory /Users/kohgylw/program/kiftd/webapps/examples has finished in 364 ms
13-Feb-2018 11:00:15.639 信息 [localhost-startStop-1] org.apache.catalina.startup.HostConfig.deployDirectory Deploying web application directory /Users/kohgylw/program/kiftd/webapps/ROOT
13-Feb-2018 11:00:16.955 信息 [localhost-startStop-1] org.apache.jasper.servlet.TldScanner.scanJars At least one JAR was scanned for TLDs yet contained no TLDs. Enable debug logging for this logger for a complete list of JARs that were scanned but no TLDs were found in them. Skipping unneeded JARs during scanning can improve startup time and JSP compilation time.
13-Feb-2018 11:00:17.405 信息 [localhost-startStop-1] org.springframework.web.context.ContextLoader.initWebApplicationContext Root WebApplicationContext: initialization started
13-Feb-2018 11:00:17.472 信息 [localhost-startStop-1] org.springframework.web.context.support.XmlWebApplicationContext.prepareRefresh Refreshing Root WebApplicationContext: startup date [Tue Feb 13 11:00:17 CST 2018]; root of context hierarchy
13-Feb-2018 11:00:17.530 信息 [localhost-startStop-1] org.springframework.beans.factory.xml.XmlBeanDefinitionReader.loadBeanDefinitions Loading XML bean definitions from class path resource [spring.xml]
13-Feb-2018 11:00:18.209 信息 [localhost-startStop-1] org.springframework.jdbc.datasource.DriverManagerDataSource.setDriverClassName Loaded JDBC driver: org.h2.Driver
13-Feb-2018 11:00:18.789 信息 [localhost-startStop-1] org.springframework.web.servlet.mvc.method.annotation.RequestMappingHandlerMapping.register Mapped "{[/errorController/pageNotFound.do]}" onto public java.lang.String kohgylw.controller.ErrorController.handleError(javax.servlet.http.HttpServletRequest)
13-Feb-2018 11:00:18.798 信息 [localhost-startStop-1] org.springframework.web.servlet.mvc.method.annotation.RequestMappingHandlerMapping.register Mapped "{[/homeController/deleteFile.ajax]}" onto public java.lang.String kohgylw.controller.HomeController.deleteFile(javax.servlet.http.HttpServletRequest)
13-Feb-2018 11:00:18.798 信息 [localhost-startStop-1] org.springframework.web.servlet.mvc.method.annotation.RequestMappingHandlerMapping.register Mapped "{[/homeController/getServerOS.ajax]}" onto public java.lang.String kohgylw.controller.HomeController.getServerOS()
13-Feb-2018 11:00:18.799 信息 [localhost-startStop-1] org.springframework.web.servlet.mvc.method.annotation.RequestMappingHandlerMapping.register Mapped "{[/homeController/getFolderView.ajax],produces=[text/html;charset=utf-8]}" onto public java.lang.String kohgylw.controller.HomeController.getFolderView(java.lang.String,javax.servlet.http.HttpSession,javax.servlet.http.HttpServletRequest)
13-Feb-2018 11:00:18.800 信息 [localhost-startStop-1] org.springframework.web.servlet.mvc.method.annotation.RequestMappingHandlerMapping.register Mapped "{[/homeController/doLogout.do]}" onto public java.lang.String kohgylw.controller.HomeController.doLogout(javax.servlet.http.HttpSession)
13-Feb-2018 11:00:18.800 信息 [localhost-startStop-1] org.springframework.web.servlet.mvc.method.annotation.RequestMappingHandlerMapping.register Mapped "{[/homeController/newFolder.ajax]}" onto public java.lang.String kohgylw.controller.HomeController.newFolder(javax.servlet.http.HttpServletRequest)
13-Feb-2018 11:00:18.801 信息 [localhost-startStop-1] org.springframework.web.servlet.mvc.method.annotation.RequestMappingHandlerMapping.register Mapped "{[/homeController/deleteFolder.ajax]}" onto public java.lang.String kohgylw.controller.HomeController.deleteFolder(javax.servlet.http.HttpServletRequest)
13-Feb-2018 11:00:18.801 信息 [localhost-startStop-1] org.springframework.web.servlet.mvc.method.annotation.RequestMappingHandlerMapping.register Mapped "{[/homeController/renameFolder.ajax]}" onto public java.lang.String kohgylw.controller.HomeController.renameFolder(javax.servlet.http.HttpServletRequest)
13-Feb-2018 11:00:18.802 信息 [localhost-startStop-1] org.springframework.web.servlet.mvc.method.annotation.RequestMappingHandlerMapping.register Mapped "{[/homeController/douploadFile.ajax],produces=[text/html;charset=utf-8]}" onto public java.lang.String kohgylw.controller.HomeController.douploadFile(javax.servlet.http.HttpServletRequest,org.springframework.web.multipart.MultipartFile)
13-Feb-2018 11:00:18.802 信息 [localhost-startStop-1] org.springframework.web.servlet.mvc.method.annotation.RequestMappingHandlerMapping.register Mapped "{[/homeController/checkUploadFile.ajax],produces=[text/html;charset=utf-8]}" onto public java.lang.String kohgylw.controller.HomeController.checkUploadFile(javax.servlet.http.HttpServletRequest)
13-Feb-2018 11:00:18.803 信息 [localhost-startStop-1] org.springframework.web.servlet.mvc.method.annotation.RequestMappingHandlerMapping.register Mapped "{[/homeController/downloadFile.do]}" onto public void kohgylw.controller.HomeController.downloadFile(javax.servlet.http.HttpServletRequest,javax.servlet.http.HttpServletResponse)
13-Feb-2018 11:00:18.803 信息 [localhost-startStop-1] org.springframework.web.servlet.mvc.method.annotation.RequestMappingHandlerMapping.register Mapped "{[/homeController/renameFile.ajax]}" onto public java.lang.String kohgylw.controller.HomeController.renameFile(javax.servlet.http.HttpServletRequest)
13-Feb-2018 11:00:18.804 信息 [localhost-startStop-1] org.springframework.web.servlet.mvc.method.annotation.RequestMappingHandlerMapping.register Mapped "{[/homeController/playVideo.do]}" onto public java.lang.String kohgylw.controller.HomeController.playVideo(javax.servlet.http.HttpServletRequest)
13-Feb-2018 11:00:18.804 信息 [localhost-startStop-1] org.springframework.web.servlet.mvc.method.annotation.RequestMappingHandlerMapping.register Mapped "{[/homeController/doLogin.ajax]}" onto public java.lang.String kohgylw.controller.HomeController.doLogin(javax.servlet.http.HttpServletRequest,javax.servlet.http.HttpSession)
13-Feb-2018 11:00:18.954 信息 [localhost-startStop-1] org.springframework.web.servlet.mvc.method.annotation.RequestMappingHandlerAdapter.initControllerAdviceCache Looking for @ControllerAdvice: Root WebApplicationContext: startup date [Tue Feb 13 11:00:17 CST 2018]; root of context hierarchy
13-Feb-2018 11:00:19.023 信息 [localhost-startStop-1] org.springframework.web.servlet.mvc.method.annotation.RequestMappingHandlerAdapter.initControllerAdviceCache Looking for @ControllerAdvice: Root WebApplicationContext: startup date [Tue Feb 13 11:00:17 CST 2018]; root of context hierarchy
13-Feb-2018 11:00:19.047 信息 [localhost-startStop-1] org.springframework.web.servlet.mvc.method.annotation.ExceptionHandlerExceptionResolver.initExceptionHandlerAdviceCache Detected @ExceptionHandler methods in errorController
13-Feb-2018 11:00:19.166 信息 [localhost-startStop-1] org.springframework.web.context.ContextLoader.initWebApplicationContext Root WebApplicationContext: initialization completed in 1760 ms
13-Feb-2018 11:00:19.217 信息 [localhost-startStop-1] org.springframework.web.servlet.DispatcherServlet.initServletBean FrameworkServlet 'dispatcher': initialization started
13-Feb-2018 11:00:19.219 信息 [localhost-startStop-1] org.springframework.web.context.support.XmlWebApplicationContext.prepareRefresh Refreshing WebApplicationContext for namespace 'dispatcher-servlet': startup date [Tue Feb 13 11:00:19 CST 2018]; parent: Root WebApplicationContext
13-Feb-2018 11:00:19.230 信息 [localhost-startStop-1] org.springframework.web.servlet.DispatcherServlet.initServletBean FrameworkServlet 'dispatcher': initialization completed in 13 ms
13-Feb-2018 11:00:19.234 信息 [localhost-startStop-1] org.apache.catalina.startup.HostConfig.deployDirectory Deployment of web application directory /Users/kohgylw/program/kiftd/webapps/ROOT has finished in 3,595 ms
13-Feb-2018 11:00:19.234 信息 [localhost-startStop-1] org.apache.catalina.startup.HostConfig.deployDirectory Deploying web application directory /Users/kohgylw/program/kiftd/webapps/host-manager
13-Feb-2018 11:00:19.253 信息 [localhost-startStop-1] org.apache.catalina.startup.HostConfig.deployDirectory Deployment of web application directory /Users/kohgylw/program/kiftd/webapps/host-manager has finished in 19 ms
13-Feb-2018 11:00:19.256 信息 [main] org.apache.coyote.AbstractProtocol.start Starting ProtocolHandler [http-nio-80]
13-Feb-2018 11:00:19.264 信息 [main] org.apache.coyote.AbstractProtocol.start Starting ProtocolHandler [ajp-nio-8009]
13-Feb-2018 11:00:19.265 信息 [main] org.apache.catalina.startup.Catalina.start Server startup in 4421 ms
13-Feb-2018 11:02:34.138 信息 [main] org.apache.catalina.core.StandardServer.await A valid shutdown command was received via the shutdown port. Stopping the Server instance.
13-Feb-2018 11:02:34.145 信息 [main] org.apache.coyote.AbstractProtocol.pause Pausing ProtocolHandler ["http-nio-80"]
13-Feb-2018 11:02:36.147 信息 [main] org.apache.coyote.AbstractProtocol.pause Pausing ProtocolHandler ["ajp-nio-8009"]
13-Feb-2018 11:02:38.153 信息 [main] org.apache.catalina.core.StandardService.stopInternal Stopping service Catalina
13-Feb-2018 11:02:38.160 信息 [localhost-startStop-2] org.springframework.web.context.support.XmlWebApplicationContext.doClose Closing WebApplicationContext for namespace 'dispatcher-servlet': startup date [Tue Feb 13 11:00:19 CST 2018]; parent: Root WebApplicationContext
13-Feb-2018 11:02:38.167 信息 [localhost-startStop-2] org.springframework.web.context.support.XmlWebApplicationContext.doClose Closing Root WebApplicationContext: startup date [Tue Feb 13 11:00:17 CST 2018]; root of context hierarchy
13-Feb-2018 11:02:38.179 警告 [localhost-startStop-2] org.apache.catalina.loader.WebappClassLoaderBase.clearReferencesJdbc The web application [ROOT] registered the JDBC driver [org.h2.Driver] but failed to unregister it when the web application was stopped. To prevent a memory leak, the JDBC Driver has been forcibly unregistered.
13-Feb-2018 11:02:38.200 信息 [main] org.apache.coyote.AbstractProtocol.stop Stopping ProtocolHandler ["http-nio-80"]
13-Feb-2018 11:02:40.209 信息 [main] org.apache.coyote.AbstractProtocol.stop Stopping ProtocolHandler ["ajp-nio-8009"]
13-Feb-2018 11:02:42.215 信息 [main] org.apache.coyote.AbstractProtocol.destroy Destroying ProtocolHandler ["http-nio-80"]
13-Feb-2018 11:02:42.219 严重 [main] org.apache.catalina.util.LifecycleBase.handleSubClassException Failed to destroy component [Connector[HTTP/1.1-80]]
 org.apache.catalina.LifecycleException: Protocol handler destroy failed
	at org.apache.catalina.connector.Connector.destroyInternal(Connector.java:1001)
	at org.apache.catalina.util.LifecycleBase.destroy(LifecycleBase.java:322)
	at org.apache.catalina.core.StandardService.destroyInternal(StandardService.java:543)
	at org.apache.catalina.util.LifecycleBase.destroy(LifecycleBase.java:322)
	at org.apache.catalina.core.StandardServer.destroyInternal(StandardServer.java:883)
	at org.apache.catalina.util.LifecycleBase.destroy(LifecycleBase.java:322)
	at org.apache.catalina.startup.Catalina.stop(Catalina.java:729)
	at org.apache.catalina.startup.Catalina.start(Catalina.java:690)
	at sun.reflect.NativeMethodAccessorImpl.invoke0(Native Method)
	at sun.reflect.NativeMethodAccessorImpl.invoke(NativeMethodAccessorImpl.java:62)
	at sun.reflect.DelegatingMethodAccessorImpl.invoke(DelegatingMethodAccessorImpl.java:43)
	at java.lang.reflect.Method.invoke(Method.java:498)
	at org.apache.catalina.startup.Bootstrap.start(Bootstrap.java:355)
	at org.apache.catalina.startup.Bootstrap.main(Bootstrap.java:495)
Caused by: java.io.IOException: Thread signal failed
	at sun.nio.ch.NativeThread.signal(Native Method)
	at sun.nio.ch.ServerSocketChannelImpl.implCloseSelectableChannel(ServerSocketChannelImpl.java:292)
	at java.nio.channels.spi.AbstractSelectableChannel.implCloseChannel(AbstractSelectableChannel.java:234)
	at java.nio.channels.spi.AbstractInterruptibleChannel.close(AbstractInterruptibleChannel.java:115)
	at sun.nio.ch.ServerSocketAdaptor.close(ServerSocketAdaptor.java:137)
	at org.apache.tomcat.util.net.NioEndpoint.unbind(NioEndpoint.java:307)
	at org.apache.tomcat.util.net.AbstractEndpoint.destroy(AbstractEndpoint.java:1015)
	at org.apache.coyote.AbstractProtocol.destroy(AbstractProtocol.java:621)
	at org.apache.catalina.connector.Connector.destroyInternal(Connector.java:997)
	... 13 more

13-Feb-2018 11:02:42.222 信息 [main] org.apache.coyote.AbstractProtocol.destroy Destroying ProtocolHandler ["ajp-nio-8009"]
13-Feb-2018 11:28:12.124 信息 [main] org.apache.catalina.startup.VersionLoggerListener.log Server version:        Apache Tomcat/9.0.0.M17
13-Feb-2018 11:28:12.128 信息 [main] org.apache.catalina.startup.VersionLoggerListener.log Server built:          Jan 10 2017 20:59:20 UTC
13-Feb-2018 11:28:12.128 信息 [main] org.apache.catalina.startup.VersionLoggerListener.log Server number:         9.0.0.0
13-Feb-2018 11:28:12.128 信息 [main] org.apache.catalina.startup.VersionLoggerListener.log OS Name:               Mac OS X
13-Feb-2018 11:28:12.128 信息 [main] org.apache.catalina.startup.VersionLoggerListener.log OS Version:            10.13.3
13-Feb-2018 11:28:12.128 信息 [main] org.apache.catalina.startup.VersionLoggerListener.log Architecture:          x86_64
13-Feb-2018 11:28:12.128 信息 [main] org.apache.catalina.startup.VersionLoggerListener.log Java Home:             /Library/Java/JavaVirtualMachines/jdk1.8.0_131.jdk/Contents/Home/jre
13-Feb-2018 11:28:12.129 信息 [main] org.apache.catalina.startup.VersionLoggerListener.log JVM Version:           1.8.0_131-b11
13-Feb-2018 11:28:12.129 信息 [main] org.apache.catalina.startup.VersionLoggerListener.log JVM Vendor:            Oracle Corporation
13-Feb-2018 11:28:12.129 信息 [main] org.apache.catalina.startup.VersionLoggerListener.log CATALINA_BASE:         /Users/kohgylw/program/kiftd
13-Feb-2018 11:28:12.129 信息 [main] org.apache.catalina.startup.VersionLoggerListener.log CATALINA_HOME:         /Users/kohgylw/program/kiftd
13-Feb-2018 11:28:12.130 信息 [main] org.apache.catalina.startup.VersionLoggerListener.log Command line argument: -Djava.util.logging.config.file=/Users/kohgylw/program/kiftd/conf/logging.properties
13-Feb-2018 11:28:12.130 信息 [main] org.apache.catalina.startup.VersionLoggerListener.log Command line argument: -Djava.util.logging.manager=org.apache.juli.ClassLoaderLogManager
13-Feb-2018 11:28:12.130 信息 [main] org.apache.catalina.startup.VersionLoggerListener.log Command line argument: -Xms1g
13-Feb-2018 11:28:12.130 信息 [main] org.apache.catalina.startup.VersionLoggerListener.log Command line argument: -Xmx1g
13-Feb-2018 11:28:12.130 信息 [main] org.apache.catalina.startup.VersionLoggerListener.log Command line argument: -Djdk.tls.ephemeralDHKeySize=2048
13-Feb-2018 11:28:12.130 信息 [main] org.apache.catalina.startup.VersionLoggerListener.log Command line argument: -Djava.protocol.handler.pkgs=org.apache.catalina.webresources
13-Feb-2018 11:28:12.130 信息 [main] org.apache.catalina.startup.VersionLoggerListener.log Command line argument: -Dcatalina.base=/Users/kohgylw/program/kiftd
13-Feb-2018 11:28:12.130 信息 [main] org.apache.catalina.startup.VersionLoggerListener.log Command line argument: -Dcatalina.home=/Users/kohgylw/program/kiftd
13-Feb-2018 11:28:12.131 信息 [main] org.apache.catalina.startup.VersionLoggerListener.log Command line argument: -Djava.io.tmpdir=/Users/kohgylw/program/kiftd/temp
13-Feb-2018 11:28:12.131 信息 [main] org.apache.catalina.core.AprLifecycleListener.lifecycleEvent The APR based Apache Tomcat Native library which allows optimal performance in production environments was not found on the java.library.path: /Users/kohgylw/Library/Java/Extensions:/Library/Java/Extensions:/Network/Library/Java/Extensions:/System/Library/Java/Extensions:/usr/lib/java:.
13-Feb-2018 11:28:12.248 信息 [main] org.apache.coyote.AbstractProtocol.init Initializing ProtocolHandler ["http-nio-80"]
13-Feb-2018 11:28:12.278 信息 [main] org.apache.tomcat.util.net.NioSelectorPool.getSharedSelector Using a shared selector for servlet write/read
13-Feb-2018 11:28:12.281 信息 [main] org.apache.coyote.AbstractProtocol.init Initializing ProtocolHandler ["ajp-nio-8009"]
13-Feb-2018 11:28:12.283 信息 [main] org.apache.tomcat.util.net.NioSelectorPool.getSharedSelector Using a shared selector for servlet write/read
13-Feb-2018 11:28:12.283 信息 [main] org.apache.catalina.startup.Catalina.load Initialization processed in 554 ms
13-Feb-2018 11:28:12.306 信息 [main] org.apache.catalina.core.StandardService.startInternal Starting service Catalina
13-Feb-2018 11:28:12.307 信息 [main] org.apache.catalina.core.StandardEngine.startInternal Starting Servlet Engine: Apache Tomcat/9.0.0.M17
13-Feb-2018 11:28:12.314 信息 [localhost-startStop-1] org.apache.catalina.startup.HostConfig.deployDirectory Deploying web application directory /Users/kohgylw/program/kiftd/webapps/docs
13-Feb-2018 11:28:12.633 信息 [localhost-startStop-1] org.apache.catalina.startup.HostConfig.deployDirectory Deployment of web application directory /Users/kohgylw/program/kiftd/webapps/docs has finished in 319 ms
13-Feb-2018 11:28:12.633 信息 [localhost-startStop-1] org.apache.catalina.startup.HostConfig.deployDirectory Deploying web application directory /Users/kohgylw/program/kiftd/webapps/manager
13-Feb-2018 11:28:12.677 信息 [localhost-startStop-1] org.apache.catalina.startup.HostConfig.deployDirectory Deployment of web application directory /Users/kohgylw/program/kiftd/webapps/manager has finished in 44 ms
13-Feb-2018 11:28:12.677 信息 [localhost-startStop-1] org.apache.catalina.startup.HostConfig.deployDirectory Deploying web application directory /Users/kohgylw/program/kiftd/webapps/examples
13-Feb-2018 11:28:12.943 信息 [localhost-startStop-1] org.apache.catalina.startup.HostConfig.deployDirectory Deployment of web application directory /Users/kohgylw/program/kiftd/webapps/examples has finished in 266 ms
13-Feb-2018 11:28:12.946 信息 [localhost-startStop-1] org.apache.catalina.startup.HostConfig.deployDirectory Deploying web application directory /Users/kohgylw/program/kiftd/webapps/ROOT
13-Feb-2018 11:28:14.041 信息 [localhost-startStop-1] org.apache.jasper.servlet.TldScanner.scanJars At least one JAR was scanned for TLDs yet contained no TLDs. Enable debug logging for this logger for a complete list of JARs that were scanned but no TLDs were found in them. Skipping unneeded JARs during scanning can improve startup time and JSP compilation time.
13-Feb-2018 11:28:14.358 信息 [localhost-startStop-1] org.springframework.web.context.ContextLoader.initWebApplicationContext Root WebApplicationContext: initialization started
13-Feb-2018 11:28:14.412 信息 [localhost-startStop-1] org.springframework.web.context.support.XmlWebApplicationContext.prepareRefresh Refreshing Root WebApplicationContext: startup date [Tue Feb 13 11:28:14 CST 2018]; root of context hierarchy
13-Feb-2018 11:28:14.468 信息 [localhost-startStop-1] org.springframework.beans.factory.xml.XmlBeanDefinitionReader.loadBeanDefinitions Loading XML bean definitions from class path resource [spring.xml]
13-Feb-2018 11:28:15.105 信息 [localhost-startStop-1] org.springframework.jdbc.datasource.DriverManagerDataSource.setDriverClassName Loaded JDBC driver: org.h2.Driver
13-Feb-2018 11:28:15.600 信息 [localhost-startStop-1] org.springframework.web.servlet.mvc.method.annotation.RequestMappingHandlerMapping.register Mapped "{[/errorController/pageNotFound.do]}" onto public java.lang.String kohgylw.controller.ErrorController.handleError(javax.servlet.http.HttpServletRequest)
13-Feb-2018 11:28:15.608 信息 [localhost-startStop-1] org.springframework.web.servlet.mvc.method.annotation.RequestMappingHandlerMapping.register Mapped "{[/homeController/deleteFile.ajax]}" onto public java.lang.String kohgylw.controller.HomeController.deleteFile(javax.servlet.http.HttpServletRequest)
13-Feb-2018 11:28:15.609 信息 [localhost-startStop-1] org.springframework.web.servlet.mvc.method.annotation.RequestMappingHandlerMapping.register Mapped "{[/homeController/doLogin.ajax]}" onto public java.lang.String kohgylw.controller.HomeController.doLogin(javax.servlet.http.HttpServletRequest,javax.servlet.http.HttpSession)
13-Feb-2018 11:28:15.609 信息 [localhost-startStop-1] org.springframework.web.servlet.mvc.method.annotation.RequestMappingHandlerMapping.register Mapped "{[/homeController/getServerOS.ajax]}" onto public java.lang.String kohgylw.controller.HomeController.getServerOS()
13-Feb-2018 11:28:15.609 信息 [localhost-startStop-1] org.springframework.web.servlet.mvc.method.annotation.RequestMappingHandlerMapping.register Mapped "{[/homeController/getFolderView.ajax],produces=[text/html;charset=utf-8]}" onto public java.lang.String kohgylw.controller.HomeController.getFolderView(java.lang.String,javax.servlet.http.HttpSession,javax.servlet.http.HttpServletRequest)
13-Feb-2018 11:28:15.610 信息 [localhost-startStop-1] org.springframework.web.servlet.mvc.method.annotation.RequestMappingHandlerMapping.register Mapped "{[/homeController/doLogout.do]}" onto public java.lang.String kohgylw.controller.HomeController.doLogout(javax.servlet.http.HttpSession)
13-Feb-2018 11:28:15.610 信息 [localhost-startStop-1] org.springframework.web.servlet.mvc.method.annotation.RequestMappingHandlerMapping.register Mapped "{[/homeController/newFolder.ajax]}" onto public java.lang.String kohgylw.controller.HomeController.newFolder(javax.servlet.http.HttpServletRequest)
13-Feb-2018 11:28:15.611 信息 [localhost-startStop-1] org.springframework.web.servlet.mvc.method.annotation.RequestMappingHandlerMapping.register Mapped "{[/homeController/deleteFolder.ajax]}" onto public java.lang.String kohgylw.controller.HomeController.deleteFolder(javax.servlet.http.HttpServletRequest)
13-Feb-2018 11:28:15.611 信息 [localhost-startStop-1] org.springframework.web.servlet.mvc.method.annotation.RequestMappingHandlerMapping.register Mapped "{[/homeController/renameFolder.ajax]}" onto public java.lang.String kohgylw.controller.HomeController.renameFolder(javax.servlet.http.HttpServletRequest)
13-Feb-2018 11:28:15.612 信息 [localhost-startStop-1] org.springframework.web.servlet.mvc.method.annotation.RequestMappingHandlerMapping.register Mapped "{[/homeController/douploadFile.ajax],produces=[text/html;charset=utf-8]}" onto public java.lang.String kohgylw.controller.HomeController.douploadFile(javax.servlet.http.HttpServletRequest,org.springframework.web.multipart.MultipartFile)
13-Feb-2018 11:28:15.612 信息 [localhost-startStop-1] org.springframework.web.servlet.mvc.method.annotation.RequestMappingHandlerMapping.register Mapped "{[/homeController/checkUploadFile.ajax],produces=[text/html;charset=utf-8]}" onto public java.lang.String kohgylw.controller.HomeController.checkUploadFile(javax.servlet.http.HttpServletRequest)
13-Feb-2018 11:28:15.613 信息 [localhost-startStop-1] org.springframework.web.servlet.mvc.method.annotation.RequestMappingHandlerMapping.register Mapped "{[/homeController/downloadFile.do]}" onto public void kohgylw.controller.HomeController.downloadFile(javax.servlet.http.HttpServletRequest,javax.servlet.http.HttpServletResponse)
13-Feb-2018 11:28:15.613 信息 [localhost-startStop-1] org.springframework.web.servlet.mvc.method.annotation.RequestMappingHandlerMapping.register Mapped "{[/homeController/renameFile.ajax]}" onto public java.lang.String kohgylw.controller.HomeController.renameFile(javax.servlet.http.HttpServletRequest)
13-Feb-2018 11:28:15.613 信息 [localhost-startStop-1] org.springframework.web.servlet.mvc.method.annotation.RequestMappingHandlerMapping.register Mapped "{[/homeController/playVideo.do]}" onto public java.lang.String kohgylw.controller.HomeController.playVideo(javax.servlet.http.HttpServletRequest)
13-Feb-2018 11:28:15.742 信息 [localhost-startStop-1] org.springframework.web.servlet.mvc.method.annotation.RequestMappingHandlerAdapter.initControllerAdviceCache Looking for @ControllerAdvice: Root WebApplicationContext: startup date [Tue Feb 13 11:28:14 CST 2018]; root of context hierarchy
13-Feb-2018 11:28:15.800 信息 [localhost-startStop-1] org.springframework.web.servlet.mvc.method.annotation.RequestMappingHandlerAdapter.initControllerAdviceCache Looking for @ControllerAdvice: Root WebApplicationContext: startup date [Tue Feb 13 11:28:14 CST 2018]; root of context hierarchy
13-Feb-2018 11:28:15.818 信息 [localhost-startStop-1] org.springframework.web.servlet.mvc.method.annotation.ExceptionHandlerExceptionResolver.initExceptionHandlerAdviceCache Detected @ExceptionHandler methods in errorController
13-Feb-2018 11:28:15.930 信息 [localhost-startStop-1] org.springframework.web.context.ContextLoader.initWebApplicationContext Root WebApplicationContext: initialization completed in 1571 ms
13-Feb-2018 11:28:15.979 信息 [localhost-startStop-1] org.springframework.web.servlet.DispatcherServlet.initServletBean FrameworkServlet 'dispatcher': initialization started
13-Feb-2018 11:28:15.982 信息 [localhost-startStop-1] org.springframework.web.context.support.XmlWebApplicationContext.prepareRefresh Refreshing WebApplicationContext for namespace 'dispatcher-servlet': startup date [Tue Feb 13 11:28:15 CST 2018]; parent: Root WebApplicationContext
13-Feb-2018 11:28:15.992 信息 [localhost-startStop-1] org.springframework.web.servlet.DispatcherServlet.initServletBean FrameworkServlet 'dispatcher': initialization completed in 13 ms
13-Feb-2018 11:28:15.998 信息 [localhost-startStop-1] org.apache.catalina.startup.HostConfig.deployDirectory Deployment of web application directory /Users/kohgylw/program/kiftd/webapps/ROOT has finished in 3,052 ms
13-Feb-2018 11:28:16.001 信息 [localhost-startStop-1] org.apache.catalina.startup.HostConfig.deployDirectory Deploying web application directory /Users/kohgylw/program/kiftd/webapps/host-manager
13-Feb-2018 11:28:16.024 信息 [localhost-startStop-1] org.apache.catalina.startup.HostConfig.deployDirectory Deployment of web application directory /Users/kohgylw/program/kiftd/webapps/host-manager has finished in 22 ms
13-Feb-2018 11:28:16.027 信息 [main] org.apache.coyote.AbstractProtocol.start Starting ProtocolHandler [http-nio-80]
13-Feb-2018 11:28:16.034 信息 [main] org.apache.coyote.AbstractProtocol.start Starting ProtocolHandler [ajp-nio-8009]
13-Feb-2018 11:28:16.035 信息 [main] org.apache.catalina.startup.Catalina.start Server startup in 3751 ms
13-Feb-2018 11:36:58.010 信息 [main] org.apache.catalina.core.StandardServer.await A valid shutdown command was received via the shutdown port. Stopping the Server instance.
13-Feb-2018 11:36:58.011 信息 [main] org.apache.coyote.AbstractProtocol.pause Pausing ProtocolHandler ["http-nio-80"]
13-Feb-2018 11:37:00.018 信息 [main] org.apache.coyote.AbstractProtocol.pause Pausing ProtocolHandler ["ajp-nio-8009"]
13-Feb-2018 11:37:02.022 信息 [main] org.apache.catalina.core.StandardService.stopInternal Stopping service Catalina
13-Feb-2018 11:37:02.026 信息 [localhost-startStop-2] org.springframework.web.context.support.XmlWebApplicationContext.doClose Closing WebApplicationContext for namespace 'dispatcher-servlet': startup date [Tue Feb 13 11:28:15 CST 2018]; parent: Root WebApplicationContext
13-Feb-2018 11:37:02.030 信息 [localhost-startStop-2] org.springframework.web.context.support.XmlWebApplicationContext.doClose Closing Root WebApplicationContext: startup date [Tue Feb 13 11:28:14 CST 2018]; root of context hierarchy
13-Feb-2018 11:37:02.037 警告 [localhost-startStop-2] org.apache.catalina.loader.WebappClassLoaderBase.clearReferencesJdbc The web application [ROOT] registered the JDBC driver [org.h2.Driver] but failed to unregister it when the web application was stopped. To prevent a memory leak, the JDBC Driver has been forcibly unregistered.
13-Feb-2018 11:37:02.055 信息 [main] org.apache.coyote.AbstractProtocol.stop Stopping ProtocolHandler ["http-nio-80"]
13-Feb-2018 11:37:04.065 信息 [main] org.apache.coyote.AbstractProtocol.stop Stopping ProtocolHandler ["ajp-nio-8009"]
13-Feb-2018 11:37:06.072 信息 [main] org.apache.coyote.AbstractProtocol.destroy Destroying ProtocolHandler ["http-nio-80"]
13-Feb-2018 11:37:06.075 严重 [main] org.apache.catalina.util.LifecycleBase.handleSubClassException Failed to destroy component [Connector[HTTP/1.1-80]]
 org.apache.catalina.LifecycleException: Protocol handler destroy failed
	at org.apache.catalina.connector.Connector.destroyInternal(Connector.java:1001)
	at org.apache.catalina.util.LifecycleBase.destroy(LifecycleBase.java:322)
	at org.apache.catalina.core.StandardService.destroyInternal(StandardService.java:543)
	at org.apache.catalina.util.LifecycleBase.destroy(LifecycleBase.java:322)
	at org.apache.catalina.core.StandardServer.destroyInternal(StandardServer.java:883)
	at org.apache.catalina.util.LifecycleBase.destroy(LifecycleBase.java:322)
	at org.apache.catalina.startup.Catalina.stop(Catalina.java:729)
	at org.apache.catalina.startup.Catalina.start(Catalina.java:690)
	at sun.reflect.NativeMethodAccessorImpl.invoke0(Native Method)
	at sun.reflect.NativeMethodAccessorImpl.invoke(NativeMethodAccessorImpl.java:62)
	at sun.reflect.DelegatingMethodAccessorImpl.invoke(DelegatingMethodAccessorImpl.java:43)
	at java.lang.reflect.Method.invoke(Method.java:498)
	at org.apache.catalina.startup.Bootstrap.start(Bootstrap.java:355)
	at org.apache.catalina.startup.Bootstrap.main(Bootstrap.java:495)
Caused by: java.io.IOException: Thread signal failed
	at sun.nio.ch.NativeThread.signal(Native Method)
	at sun.nio.ch.ServerSocketChannelImpl.implCloseSelectableChannel(ServerSocketChannelImpl.java:292)
	at java.nio.channels.spi.AbstractSelectableChannel.implCloseChannel(AbstractSelectableChannel.java:234)
	at java.nio.channels.spi.AbstractInterruptibleChannel.close(AbstractInterruptibleChannel.java:115)
	at sun.nio.ch.ServerSocketAdaptor.close(ServerSocketAdaptor.java:137)
	at org.apache.tomcat.util.net.NioEndpoint.unbind(NioEndpoint.java:307)
	at org.apache.tomcat.util.net.AbstractEndpoint.destroy(AbstractEndpoint.java:1015)
	at org.apache.coyote.AbstractProtocol.destroy(AbstractProtocol.java:621)
	at org.apache.catalina.connector.Connector.destroyInternal(Connector.java:997)
	... 13 more

13-Feb-2018 11:37:06.077 信息 [main] org.apache.coyote.AbstractProtocol.destroy Destroying ProtocolHandler ["ajp-nio-8009"]
